<?xml version="1.0" encoding="UTF-8"?>
<!-- Generated by org.testng.reporters.JUnitXMLReporter -->
<testsuite ignored="6" hostname="LAPTOP-0FD1O0AP" failures="0" tests="1" name="Default test(failed)" time="32.14" errors="0" timestamp="2023-01-06T22:00:29 IST">
  <testcase classname="TestCases.LoginPageTest" name="verifyEnteredUsername" time="1.546"/>
  <testcase classname="TestCases.LoginPageTest" name="verifyLoginTest" time="0.0">
    <ignored/>
  </testcase> <!-- verifyLoginTest -->
  <testcase classname="TestCases.LoginPageTest" name="verifyBotLogoTest" time="0.0">
    <ignored/>
  </testcase> <!-- verifyBotLogoTest -->
  <testcase classname="TestCases.LoginPageTest" name="verifyEnteredPassword" time="0.0">
    <ignored/>
  </testcase> <!-- verifyEnteredPassword -->
  <testcase classname="TestCases.LoginPageTest" name="verifyloginLogoTest" time="0.0">
    <ignored/>
  </testcase> <!-- verifyloginLogoTest -->
  <testcase classname="TestCases.LoginPageTest" name="verifyUrlTest" time="0.0">
    <ignored/>
  </testcase> <!-- verifyUrlTest -->
  <testcase classname="TestCases.LoginPageTest" name="verifyTitleTest" time="0.0">
    <ignored/>
  </testcase> <!-- verifyTitleTest -->
</testsuite> <!-- Default test(failed) -->
