<?xml version="1.0" encoding="UTF-8"?>
<testng-results ignored="0" total="4" passed="4" failed="0" skipped="0">
  <reporter-output>
  </reporter-output>
  <suite started-at="2023-01-13T16:21:18 IST" name="Default suite" finished-at="2023-01-13T16:21:20 IST" duration-ms="1896">
    <groups>
    </groups>
    <test started-at="2023-01-13T16:21:18 IST" name="Default test" finished-at="2023-01-13T16:21:20 IST" duration-ms="1896">
      <class name="TestCases.DataproviderMethod">
        <test-method signature="testName(java.lang.String, java.lang.String)[pri:0, instance:TestCases.DataproviderMethod@4e7912d8]" started-at="2023-01-13T16:21:20 IST" name="testName" data-provider="data" finished-at="2023-01-13T16:21:20 IST" duration-ms="16" status="PASS">
          <params>
            <param index="0">
              <value>
                <![CDATA[User1]]>
              </value>
            </param>
            <param index="1">
              <value>
                <![CDATA[Password1]]>
              </value>
            </param>
          </params>
          <reporter-output>
          </reporter-output>
        </test-method> <!-- testName -->
        <test-method signature="testName(java.lang.String, java.lang.String)[pri:0, instance:TestCases.DataproviderMethod@4e7912d8]" started-at="2023-01-13T16:21:20 IST" name="testName" data-provider="data" finished-at="2023-01-13T16:21:20 IST" duration-ms="3" status="PASS">
          <params>
            <param index="0">
              <value>
                <![CDATA[User2]]>
              </value>
            </param>
            <param index="1">
              <value>
                <![CDATA[Password2]]>
              </value>
            </param>
          </params>
          <reporter-output>
          </reporter-output>
        </test-method> <!-- testName -->
        <test-method signature="testName(java.lang.String, java.lang.String)[pri:0, instance:TestCases.DataproviderMethod@4e7912d8]" started-at="2023-01-13T16:21:20 IST" name="testName" data-provider="data" finished-at="2023-01-13T16:21:20 IST" duration-ms="6" status="PASS">
          <params>
            <param index="0">
              <value>
                <![CDATA[User3]]>
              </value>
            </param>
            <param index="1">
              <value>
                <![CDATA[Password3]]>
              </value>
            </param>
          </params>
          <reporter-output>
          </reporter-output>
        </test-method> <!-- testName -->
        <test-method signature="testName(java.lang.String, java.lang.String)[pri:0, instance:TestCases.DataproviderMethod@4e7912d8]" started-at="2023-01-13T16:21:20 IST" name="testName" data-provider="data" finished-at="2023-01-13T16:21:20 IST" duration-ms="15" status="PASS">
          <params>
            <param index="0">
              <value>
                <![CDATA[User4]]>
              </value>
            </param>
            <param index="1">
              <value>
                <![CDATA[Password4]]>
              </value>
            </param>
          </params>
          <reporter-output>
          </reporter-output>
        </test-method> <!-- testName -->
      </class> <!-- TestCases.DataproviderMethod -->
    </test> <!-- Default test -->
  </suite> <!-- Default suite -->
</testng-results>
