<?xml version="1.0" encoding="UTF-8"?>
<!-- Generated by org.testng.reporters.JUnitXMLReporter -->
<testsuite ignored="0" hostname="LAPTOP-0FD1O0AP" failures="0" tests="7" name="Test" time="241.233" errors="0" timestamp="2023-01-06T18:55:34 IST">
  <testcase classname="TestCases.LoginPageTest" name="verifyBotLogoTest" time="2.299"/>
  <testcase classname="TestCases.LoginPageTest" name="verifyEnteredPassword" time="9.911"/>
  <testcase classname="TestCases.LoginPageTest" name="verifyEnteredUsername" time="3.326"/>
  <testcase classname="TestCases.LoginPageTest" name="verifyLoginTest" time="9.858"/>
  <testcase classname="TestCases.LoginPageTest" name="verifyTitleTest" time="12.744"/>
  <testcase classname="TestCases.LoginPageTest" name="verifyUrlTest" time="0.091"/>
  <testcase classname="TestCases.LoginPageTest" name="verifyloginLogoTest" time="1.72"/>
</testsuite> <!-- Test -->
