<?xml version="1.0" encoding="UTF-8"?>
<!-- Generated by org.testng.reporters.JUnitXMLReporter -->
<testsuite ignored="0" hostname="LAPTOP-0FD1O0AP" failures="0" tests="4" name="Default test" time="1.896" errors="0" timestamp="2023-01-13T16:21:20 IST">
  <testcase classname="TestCases.DataproviderMethod" name="testName" time="0.016"/>
  <testcase classname="TestCases.DataproviderMethod" name="testName" time="0.003"/>
  <testcase classname="TestCases.DataproviderMethod" name="testName" time="0.006"/>
  <testcase classname="TestCases.DataproviderMethod" name="testName" time="0.015"/>
</testsuite> <!-- Default test -->
